<?xml version="1.0" encoding="UTF-8"?>
<testsuite xmlns:xsi="http://www.w3.org/2001/XMLSchema-instance" xsi:noNamespaceSchemaLocation="https://maven.apache.org/surefire/maven-surefire-plugin/xsd/surefire-test-report-3.0.xsd" version="3.0" name="com.iut.banque.test.modele.TestsCompteSansDecouvert" time="0.0" tests="4" errors="0" skipped="0" failures="0">
  <properties>
    <property name="gopherProxySet" value="false"/>
    <property name="awt.toolkit" value="sun.lwawt.macosx.LWCToolkit"/>
    <property name="java.specification.version" value="11"/>
    <property name="sun.cpu.isalist" value=""/>
    <property name="sun.jnu.encoding" value="UTF-8"/>
    <property name="java.class.path" value="/Users/iliass/Desktop/QualDev3A/BUT3_GR3/target/test-classes:/Users/iliass/Desktop/QualDev3A/BUT3_GR3/target/classes:/Users/iliass/.m2/repository/org/hibernate/hibernate-core/5.1.17.Final/hibernate-core-5.1.17.Final.jar:/Users/iliass/.m2/repository/org/jboss/logging/jboss-logging/3.3.0.Final/jboss-logging-3.3.0.Final.jar:/Users/iliass/.m2/repository/org/hibernate/javax/persistence/hibernate-jpa-2.1-api/1.0.0.Final/hibernate-jpa-2.1-api-1.0.0.Final.jar:/Users/iliass/.m2/repository/org/javassist/javassist/3.20.0-GA/javassist-3.20.0-GA.jar:/Users/iliass/.m2/repository/antlr/antlr/2.7.7/antlr-2.7.7.jar:/Users/iliass/.m2/repository/org/apache/geronimo/specs/geronimo-jta_1.1_spec/1.1.1/geronimo-jta_1.1_spec-1.1.1.jar:/Users/iliass/.m2/repository/org/jboss/jandex/2.0.3.Final/jandex-2.0.3.Final.jar:/Users/iliass/.m2/repository/com/fasterxml/classmate/1.3.0/classmate-1.3.0.jar:/Users/iliass/.m2/repository/org/dom4j/dom4j/2.1.1/dom4j-2.1.1.jar:/Users/iliass/.m2/repository/org/hibernate/common/hibernate-commons-annotations/5.0.1.Final/hibernate-commons-annotations-5.0.1.Final.jar:/Users/iliass/.m2/repository/com/mysql/mysql-connector-j/8.0.33/mysql-connector-j-8.0.33.jar:/Users/iliass/.m2/repository/com/google/protobuf/protobuf-java/3.21.9/protobuf-java-3.21.9.jar:/Users/iliass/.m2/repository/org/springframework/spring-context/4.2.6.RELEASE/spring-context-4.2.6.RELEASE.jar:/Users/iliass/.m2/repository/org/springframework/spring-aop/4.2.6.RELEASE/spring-aop-4.2.6.RELEASE.jar:/Users/iliass/.m2/repository/aopalliance/aopalliance/1.0/aopalliance-1.0.jar:/Users/iliass/.m2/repository/org/springframework/spring-beans/4.2.6.RELEASE/spring-beans-4.2.6.RELEASE.jar:/Users/iliass/.m2/repository/org/springframework/spring-core/4.2.6.RELEASE/spring-core-4.2.6.RELEASE.jar:/Users/iliass/.m2/repository/commons-logging/commons-logging/1.2/commons-logging-1.2.jar:/Users/iliass/.m2/repository/org/springframework/spring-expression/4.2.6.RELEASE/spring-expression-4.2.6.RELEASE.jar:/Users/iliass/.m2/repository/org/springframework/spring-orm/4.2.6.RELEASE/spring-orm-4.2.6.RELEASE.jar:/Users/iliass/.m2/repository/org/springframework/spring-jdbc/4.2.6.RELEASE/spring-jdbc-4.2.6.RELEASE.jar:/Users/iliass/.m2/repository/org/springframework/spring-tx/4.2.6.RELEASE/spring-tx-4.2.6.RELEASE.jar:/Users/iliass/.m2/repository/org/springframework/spring-web/4.2.6.RELEASE/spring-web-4.2.6.RELEASE.jar:/Users/iliass/.m2/repository/org/springframework/spring-test/4.2.6.RELEASE/spring-test-4.2.6.RELEASE.jar:/Users/iliass/.m2/repository/org/apache/struts/struts2-core/2.3.37/struts2-core-2.3.37.jar:/Users/iliass/.m2/repository/org/apache/struts/xwork/xwork-core/2.3.37/xwork-core-2.3.37.jar:/Users/iliass/.m2/repository/org/apache/commons/commons-lang3/3.2/commons-lang3-3.2.jar:/Users/iliass/.m2/repository/asm/asm/3.3/asm-3.3.jar:/Users/iliass/.m2/repository/asm/asm-commons/3.3/asm-commons-3.3.jar:/Users/iliass/.m2/repository/asm/asm-tree/3.3/asm-tree-3.3.jar:/Users/iliass/.m2/repository/org/freemarker/freemarker/2.3.28/freemarker-2.3.28.jar:/Users/iliass/.m2/repository/ognl/ognl/3.0.21/ognl-3.0.21.jar:/Users/iliass/.m2/repository/javassist/javassist/3.11.0.GA/javassist-3.11.0.GA.jar:/Users/iliass/.m2/repository/commons-fileupload/commons-fileupload/1.4/commons-fileupload-1.4.jar:/Users/iliass/.m2/repository/commons-io/commons-io/2.2/commons-io-2.2.jar:/Users/iliass/.m2/repository/junit/junit/4.12/junit-4.12.jar:/Users/iliass/.m2/repository/org/hamcrest/hamcrest-core/1.3/hamcrest-core-1.3.jar:/Users/iliass/.m2/repository/commons-pool/commons-pool/1.6/commons-pool-1.6.jar:/Users/iliass/.m2/repository/commons-dbcp/commons-dbcp/1.2.2/commons-dbcp-1.2.2.jar:/Users/iliass/.m2/repository/com/google/gwt/gwt-servlet/2.7.0/gwt-servlet-2.7.0.jar:/Users/iliass/.m2/repository/com/sencha/gxt/gxt/3.0.1/gxt-3.0.1.jar:/Users/iliass/.m2/repository/javax/validation/validation-api/1.0.0.GA/validation-api-1.0.0.GA.jar:/Users/iliass/.m2/repository/javax/validation/validation-api/1.0.0.GA/validation-api-1.0.0.GA-sources.jar:/Users/iliass/.m2/repository/org/json/json/20090211/json-20090211.jar:/Users/iliass/.m2/repository/javax/servlet/javax.servlet-api/3.1.0/javax.servlet-api-3.1.0.jar:/Users/iliass/.m2/repository/javax/xml/bind/jaxb-api/2.2.11/jaxb-api-2.2.11.jar:/Users/iliass/.m2/repository/com/sun/xml/bind/jaxb-core/2.2.11/jaxb-core-2.2.11.jar:/Users/iliass/.m2/repository/com/sun/xml/bind/jaxb-impl/2.2.11/jaxb-impl-2.2.11.jar:/Users/iliass/.m2/repository/javax/activation/activation/1.1.1/activation-1.1.1.jar:"/>
    <property name="java.vm.vendor" value="Oracle Corporation"/>
    <property name="sun.arch.data.model" value="64"/>
    <property name="java.vendor.url" value="https://openjdk.java.net/"/>
    <property name="user.timezone" value="Europe/Paris"/>
    <property name="java.vm.specification.version" value="11"/>
    <property name="os.name" value="Mac OS X"/>
    <property name="sun.java.launcher" value="SUN_STANDARD"/>
    <property name="user.country" value="FR"/>
    <property name="sun.boot.library.path" value="/Library/Java/JavaVirtualMachines/jdk-11.jdk/Contents/Home/lib"/>
    <property name="sun.java.command" value="/Users/iliass/Desktop/QualDev3A/BUT3_GR3/target/surefire/surefirebooter-20241010143802857_3.jar /Users/iliass/Desktop/QualDev3A/BUT3_GR3/target/surefire 2024-10-10T14-38-02_814-jvmRun1 surefire-20241010143802857_1tmp surefire_0-20241010143802857_2tmp"/>
    <property name="http.nonProxyHosts" value="local|*.local|169.254/16|*.169.254/16"/>
    <property name="jdk.debug" value="release"/>
    <property name="surefire.test.class.path" value="/Users/iliass/Desktop/QualDev3A/BUT3_GR3/target/test-classes:/Users/iliass/Desktop/QualDev3A/BUT3_GR3/target/classes:/Users/iliass/.m2/repository/org/hibernate/hibernate-core/5.1.17.Final/hibernate-core-5.1.17.Final.jar:/Users/iliass/.m2/repository/org/jboss/logging/jboss-logging/3.3.0.Final/jboss-logging-3.3.0.Final.jar:/Users/iliass/.m2/repository/org/hibernate/javax/persistence/hibernate-jpa-2.1-api/1.0.0.Final/hibernate-jpa-2.1-api-1.0.0.Final.jar:/Users/iliass/.m2/repository/org/javassist/javassist/3.20.0-GA/javassist-3.20.0-GA.jar:/Users/iliass/.m2/repository/antlr/antlr/2.7.7/antlr-2.7.7.jar:/Users/iliass/.m2/repository/org/apache/geronimo/specs/geronimo-jta_1.1_spec/1.1.1/geronimo-jta_1.1_spec-1.1.1.jar:/Users/iliass/.m2/repository/org/jboss/jandex/2.0.3.Final/jandex-2.0.3.Final.jar:/Users/iliass/.m2/repository/com/fasterxml/classmate/1.3.0/classmate-1.3.0.jar:/Users/iliass/.m2/repository/org/dom4j/dom4j/2.1.1/dom4j-2.1.1.jar:/Users/iliass/.m2/repository/org/hibernate/common/hibernate-commons-annotations/5.0.1.Final/hibernate-commons-annotations-5.0.1.Final.jar:/Users/iliass/.m2/repository/com/mysql/mysql-connector-j/8.0.33/mysql-connector-j-8.0.33.jar:/Users/iliass/.m2/repository/com/google/protobuf/protobuf-java/3.21.9/protobuf-java-3.21.9.jar:/Users/iliass/.m2/repository/org/springframework/spring-context/4.2.6.RELEASE/spring-context-4.2.6.RELEASE.jar:/Users/iliass/.m2/repository/org/springframework/spring-aop/4.2.6.RELEASE/spring-aop-4.2.6.RELEASE.jar:/Users/iliass/.m2/repository/aopalliance/aopalliance/1.0/aopalliance-1.0.jar:/Users/iliass/.m2/repository/org/springframework/spring-beans/4.2.6.RELEASE/spring-beans-4.2.6.RELEASE.jar:/Users/iliass/.m2/repository/org/springframework/spring-core/4.2.6.RELEASE/spring-core-4.2.6.RELEASE.jar:/Users/iliass/.m2/repository/commons-logging/commons-logging/1.2/commons-logging-1.2.jar:/Users/iliass/.m2/repository/org/springframework/spring-expression/4.2.6.RELEASE/spring-expression-4.2.6.RELEASE.jar:/Users/iliass/.m2/repository/org/springframework/spring-orm/4.2.6.RELEASE/spring-orm-4.2.6.RELEASE.jar:/Users/iliass/.m2/repository/org/springframework/spring-jdbc/4.2.6.RELEASE/spring-jdbc-4.2.6.RELEASE.jar:/Users/iliass/.m2/repository/org/springframework/spring-tx/4.2.6.RELEASE/spring-tx-4.2.6.RELEASE.jar:/Users/iliass/.m2/repository/org/springframework/spring-web/4.2.6.RELEASE/spring-web-4.2.6.RELEASE.jar:/Users/iliass/.m2/repository/org/springframework/spring-test/4.2.6.RELEASE/spring-test-4.2.6.RELEASE.jar:/Users/iliass/.m2/repository/org/apache/struts/struts2-core/2.3.37/struts2-core-2.3.37.jar:/Users/iliass/.m2/repository/org/apache/struts/xwork/xwork-core/2.3.37/xwork-core-2.3.37.jar:/Users/iliass/.m2/repository/org/apache/commons/commons-lang3/3.2/commons-lang3-3.2.jar:/Users/iliass/.m2/repository/asm/asm/3.3/asm-3.3.jar:/Users/iliass/.m2/repository/asm/asm-commons/3.3/asm-commons-3.3.jar:/Users/iliass/.m2/repository/asm/asm-tree/3.3/asm-tree-3.3.jar:/Users/iliass/.m2/repository/org/freemarker/freemarker/2.3.28/freemarker-2.3.28.jar:/Users/iliass/.m2/repository/ognl/ognl/3.0.21/ognl-3.0.21.jar:/Users/iliass/.m2/repository/javassist/javassist/3.11.0.GA/javassist-3.11.0.GA.jar:/Users/iliass/.m2/repository/commons-fileupload/commons-fileupload/1.4/commons-fileupload-1.4.jar:/Users/iliass/.m2/repository/commons-io/commons-io/2.2/commons-io-2.2.jar:/Users/iliass/.m2/repository/junit/junit/4.12/junit-4.12.jar:/Users/iliass/.m2/repository/org/hamcrest/hamcrest-core/1.3/hamcrest-core-1.3.jar:/Users/iliass/.m2/repository/commons-pool/commons-pool/1.6/commons-pool-1.6.jar:/Users/iliass/.m2/repository/commons-dbcp/commons-dbcp/1.2.2/commons-dbcp-1.2.2.jar:/Users/iliass/.m2/repository/com/google/gwt/gwt-servlet/2.7.0/gwt-servlet-2.7.0.jar:/Users/iliass/.m2/repository/com/sencha/gxt/gxt/3.0.1/gxt-3.0.1.jar:/Users/iliass/.m2/repository/javax/validation/validation-api/1.0.0.GA/validation-api-1.0.0.GA.jar:/Users/iliass/.m2/repository/javax/validation/validation-api/1.0.0.GA/validation-api-1.0.0.GA-sources.jar:/Users/iliass/.m2/repository/org/json/json/20090211/json-20090211.jar:/Users/iliass/.m2/repository/javax/servlet/javax.servlet-api/3.1.0/javax.servlet-api-3.1.0.jar:/Users/iliass/.m2/repository/javax/xml/bind/jaxb-api/2.2.11/jaxb-api-2.2.11.jar:/Users/iliass/.m2/repository/com/sun/xml/bind/jaxb-core/2.2.11/jaxb-core-2.2.11.jar:/Users/iliass/.m2/repository/com/sun/xml/bind/jaxb-impl/2.2.11/jaxb-impl-2.2.11.jar:/Users/iliass/.m2/repository/javax/activation/activation/1.1.1/activation-1.1.1.jar:"/>
    <property name="sun.cpu.endian" value="little"/>
    <property name="user.home" value="/Users/iliass"/>
    <property name="user.language" value="fr"/>
    <property name="java.specification.vendor" value="Oracle Corporation"/>
    <property name="java.version.date" value="2024-01-16"/>
    <property name="java.home" value="/Library/Java/JavaVirtualMachines/jdk-11.jdk/Contents/Home"/>
    <property name="file.separator" value="/"/>
    <property name="basedir" value="/Users/iliass/Desktop/QualDev3A/BUT3_GR3"/>
    <property name="java.vm.compressedOopsMode" value="Zero based"/>
    <property name="line.separator" value="&#10;"/>
    <property name="java.specification.name" value="Java Platform API Specification"/>
    <property name="java.vm.specification.vendor" value="Oracle Corporation"/>
    <property name="java.awt.graphicsenv" value="sun.awt.CGraphicsEnvironment"/>
    <property name="surefire.real.class.path" value="/Users/iliass/Desktop/QualDev3A/BUT3_GR3/target/surefire/surefirebooter-20241010143802857_3.jar"/>
    <property name="sun.management.compiler" value="HotSpot 64-Bit Tiered Compilers"/>
    <property name="ftp.nonProxyHosts" value="local|*.local|169.254/16|*.169.254/16"/>
    <property name="java.runtime.version" value="11.0.22+9-LTS-219"/>
    <property name="user.name" value="iliass"/>
    <property name="path.separator" value=":"/>
    <property name="os.version" value="14.4.1"/>
    <property name="java.runtime.name" value="Java(TM) SE Runtime Environment"/>
    <property name="file.encoding" value="UTF-8"/>
    <property name="java.vm.name" value="Java HotSpot(TM) 64-Bit Server VM"/>
    <property name="java.vendor.version" value="18.9"/>
    <property name="localRepository" value="/Users/iliass/.m2/repository"/>
    <property name="java.vendor.url.bug" value="https://bugreport.java.com/bugreport/"/>
    <property name="java.io.tmpdir" value="/var/folders/wq/r4sxq8tn0kg_8ms4vzlyzlqm0000gn/T/"/>
    <property name="idea.version" value="2024.2.1"/>
    <property name="java.version" value="11.0.22"/>
    <property name="user.dir" value="/Users/iliass/Desktop/QualDev3A/BUT3_GR3"/>
    <property name="os.arch" value="aarch64"/>
    <property name="java.vm.specification.name" value="Java Virtual Machine Specification"/>
    <property name="java.awt.printerjob" value="sun.lwawt.macosx.CPrinterJob"/>
    <property name="sun.os.patch.level" value="unknown"/>
    <property name="java.library.path" value="/Users/iliass/Library/Java/Extensions:/Library/Java/Extensions:/Network/Library/Java/Extensions:/System/Library/Java/Extensions:/usr/lib/java:."/>
    <property name="java.vendor" value="Oracle Corporation"/>
    <property name="java.vm.info" value="mixed mode"/>
    <property name="java.vm.version" value="11.0.22+9-LTS-219"/>
    <property name="java.specification.maintenance.version" value="2"/>
    <property name="sun.io.unicode.encoding" value="UnicodeBig"/>
    <property name="java.class.version" value="55.0"/>
    <property name="socksNonProxyHosts" value="local|*.local|169.254/16|*.169.254/16"/>
  </properties>
  <testcase name="testDebiterCompteAvecDecouvertValeurPossible" classname="com.iut.banque.test.modele.TestsCompteSansDecouvert" time="0.0"/>
  <testcase name="testDebiterCompteAvecDecouvertValeurImpossible" classname="com.iut.banque.test.modele.TestsCompteSansDecouvert" time="0.0"/>
  <testcase name="testGetClassNameSansDecouvert" classname="com.iut.banque.test.modele.TestsCompteSansDecouvert" time="0.0"/>
  <testcase name="testCrediterCompteMontantNegatif" classname="com.iut.banque.test.modele.TestsCompteSansDecouvert" time="0.0"/>
</testsuite>